<?xml version="1.0" encoding="UTF-8"?>
<!-- Generated by org.testng.reporters.JUnitReportReporter -->
<testsuite skipped="0" hostname="VTL1409" name="launchApp.LaunchAmazon" tests="1" failures="0" timestamp="10 Apr 2019 13:14:41 GMT" time="15.782" errors="0">
  <testcase name="openApp" time="15.782" classname="launchApp.LaunchAmazon"/>
</testsuite> <!-- launchApp.LaunchAmazon -->
