<?xml version="1.0" encoding="UTF-8"?>
<!-- Generated by org.testng.reporters.JUnitReportReporter -->
<testsuite skipped="0" hostname="VTL1409" name="launchApp.LaunchMeruStage" tests="1" failures="0" timestamp="12 Jun 2019 08:09:45 GMT" time="84.003" errors="0">
  <testcase name="openApp" time="84.003" classname="launchApp.LaunchMeruStage"/>
</testsuite> <!-- launchApp.LaunchMeruStage -->
