<?xml version="1.0" encoding="UTF-8"?>
<!-- Generated by org.testng.reporters.JUnitReportReporter -->
<testsuite skipped="0" hostname="VTL1409" name="launchApp.OutstationBookingFlow" tests="1" failures="0" timestamp="12 Jun 2019 07:15:17 GMT" time="20.621" errors="0">
  <testcase name="openMeruApp" time="20.621" classname="launchApp.OutstationBookingFlow"/>
</testsuite> <!-- launchApp.OutstationBookingFlow -->
